mode: atomic
github.com/ankyra/escape-inventory/handlers/dev.go:29.50,33.2 1 0
github.com/ankyra/escape-inventory/handlers/dev.go:35.66,37.2 1 0
github.com/ankyra/escape-inventory/handlers/dev.go:39.82,42.2 2 1
github.com/ankyra/escape-inventory/handlers/diff.go:28.58,34.16 6 0
github.com/ankyra/escape-inventory/handlers/diff.go:38.2,39.20 2 0
github.com/ankyra/escape-inventory/handlers/diff.go:47.2,48.16 2 0
github.com/ankyra/escape-inventory/handlers/diff.go:52.2,54.16 3 0
github.com/ankyra/escape-inventory/handlers/diff.go:58.2,60.16 3 0
github.com/ankyra/escape-inventory/handlers/diff.go:34.16,37.3 2 0
github.com/ankyra/escape-inventory/handlers/diff.go:39.20,41.17 2 0
github.com/ankyra/escape-inventory/handlers/diff.go:45.3,45.33 1 0
github.com/ankyra/escape-inventory/handlers/diff.go:41.17,44.4 2 0
github.com/ankyra/escape-inventory/handlers/diff.go:48.16,51.3 2 0
github.com/ankyra/escape-inventory/handlers/diff.go:54.16,57.3 2 0
github.com/ankyra/escape-inventory/handlers/project.go:30.65,32.16 2 0
github.com/ankyra/escape-inventory/handlers/project.go:36.2,38.35 3 0
github.com/ankyra/escape-inventory/handlers/project.go:32.16,35.3 2 0
github.com/ankyra/escape-inventory/handlers/project.go:41.69,44.2 2 0
github.com/ankyra/escape-inventory/handlers/project.go:46.85,48.16 2 0
github.com/ankyra/escape-inventory/handlers/project.go:52.2,54.34 3 0
github.com/ankyra/escape-inventory/handlers/project.go:48.16,51.3 2 0
github.com/ankyra/escape-inventory/handlers/project.go:57.64,60.2 2 0
github.com/ankyra/escape-inventory/handlers/project.go:62.80,64.16 2 2
github.com/ankyra/escape-inventory/handlers/project.go:68.2,70.33 3 1
github.com/ankyra/escape-inventory/handlers/project.go:64.16,67.3 2 1
github.com/ankyra/escape-inventory/handlers/project.go:73.64,74.19 1 9
github.com/ankyra/escape-inventory/handlers/project.go:78.2,79.64 2 8
github.com/ankyra/escape-inventory/handlers/project.go:83.2,83.50 1 7
github.com/ankyra/escape-inventory/handlers/project.go:87.2,87.20 1 5
github.com/ankyra/escape-inventory/handlers/project.go:74.19,77.3 2 1
github.com/ankyra/escape-inventory/handlers/project.go:79.64,82.3 2 1
github.com/ankyra/escape-inventory/handlers/project.go:83.50,86.3 2 2
github.com/ankyra/escape-inventory/handlers/project.go:90.67,93.2 2 2
github.com/ankyra/escape-inventory/handlers/project.go:95.83,96.19 1 6
github.com/ankyra/escape-inventory/handlers/project.go:100.2,101.64 2 5
github.com/ankyra/escape-inventory/handlers/project.go:105.2,105.28 1 4
github.com/ankyra/escape-inventory/handlers/project.go:109.2,109.53 1 2
github.com/ankyra/escape-inventory/handlers/project.go:113.2,113.20 1 1
github.com/ankyra/escape-inventory/handlers/project.go:96.19,99.3 2 1
github.com/ankyra/escape-inventory/handlers/project.go:101.64,104.3 2 1
github.com/ankyra/escape-inventory/handlers/project.go:105.28,108.3 2 2
github.com/ankyra/escape-inventory/handlers/project.go:109.53,112.3 2 1
github.com/ankyra/escape-inventory/handlers/project.go:116.72,118.19 2 0
github.com/ankyra/escape-inventory/handlers/project.go:122.2,123.64 2 0
github.com/ankyra/escape-inventory/handlers/project.go:127.2,127.66 1 0
github.com/ankyra/escape-inventory/handlers/project.go:131.2,131.20 1 0
github.com/ankyra/escape-inventory/handlers/project.go:118.19,121.3 2 0
github.com/ankyra/escape-inventory/handlers/project.go:123.64,126.3 2 0
github.com/ankyra/escape-inventory/handlers/project.go:127.66,130.3 2 0
github.com/ankyra/escape-inventory/handlers/import.go:32.56,36.2 1 0
github.com/ankyra/escape-inventory/handlers/import.go:38.68,40.2 1 0
github.com/ankyra/escape-inventory/handlers/import.go:42.87,43.19 1 3
github.com/ankyra/escape-inventory/handlers/import.go:47.2,48.16 2 3
github.com/ankyra/escape-inventory/handlers/import.go:52.2,53.64 2 3
github.com/ankyra/escape-inventory/handlers/import.go:57.2,57.59 1 1
github.com/ankyra/escape-inventory/handlers/import.go:43.19,46.3 2 0
github.com/ankyra/escape-inventory/handlers/import.go:48.16,51.3 2 0
github.com/ankyra/escape-inventory/handlers/import.go:53.64,56.3 2 2
github.com/ankyra/escape-inventory/handlers/import.go:57.59,60.3 2 0
github.com/ankyra/escape-inventory/handlers/previous.go:26.62,31.16 5 0
github.com/ankyra/escape-inventory/handlers/previous.go:35.2,36.16 2 0
github.com/ankyra/escape-inventory/handlers/previous.go:40.2,42.16 3 0
github.com/ankyra/escape-inventory/handlers/previous.go:46.2,47.16 2 0
github.com/ankyra/escape-inventory/handlers/previous.go:51.2,53.16 3 0
github.com/ankyra/escape-inventory/handlers/previous.go:31.16,34.3 2 0
github.com/ankyra/escape-inventory/handlers/previous.go:36.16,39.3 2 0
github.com/ankyra/escape-inventory/handlers/previous.go:42.16,45.3 2 0
github.com/ankyra/escape-inventory/handlers/previous.go:47.16,50.3 2 0
github.com/ankyra/escape-inventory/handlers/register.go:35.60,40.2 1 0
github.com/ankyra/escape-inventory/handlers/register.go:42.62,44.2 1 0
github.com/ankyra/escape-inventory/handlers/register.go:46.91,49.16 3 3
github.com/ankyra/escape-inventory/handlers/register.go:53.2,54.83 2 2
github.com/ankyra/escape-inventory/handlers/register.go:58.2,58.20 1 1
github.com/ankyra/escape-inventory/handlers/register.go:49.16,52.3 2 1
github.com/ankyra/escape-inventory/handlers/register.go:54.83,57.3 2 1
github.com/ankyra/escape-inventory/handlers/register.go:61.54,63.17 2 3
github.com/ankyra/escape-inventory/handlers/register.go:67.2,67.11 1 3
github.com/ankyra/escape-inventory/handlers/register.go:63.17,66.3 2 0
github.com/ankyra/escape-inventory/handlers/download.go:32.60,36.2 1 0
github.com/ankyra/escape-inventory/handlers/download.go:38.62,40.2 1 0
github.com/ankyra/escape-inventory/handlers/download.go:42.91,49.16 7 2
github.com/ankyra/escape-inventory/handlers/download.go:53.2,57.20 5 1
github.com/ankyra/escape-inventory/handlers/download.go:49.16,52.3 2 1
github.com/ankyra/escape-inventory/handlers/error_handler.go:27.69,28.25 1 20
github.com/ankyra/escape-inventory/handlers/error_handler.go:40.2,41.47 2 1
github.com/ankyra/escape-inventory/handlers/error_handler.go:28.25,31.3 2 5
github.com/ankyra/escape-inventory/handlers/error_handler.go:31.3,31.37 1 15
github.com/ankyra/escape-inventory/handlers/error_handler.go:31.37,35.3 3 3
github.com/ankyra/escape-inventory/handlers/error_handler.go:35.3,35.35 1 12
github.com/ankyra/escape-inventory/handlers/error_handler.go:35.35,39.3 3 11
github.com/ankyra/escape-inventory/handlers/export.go:24.68,25.40 1 0
github.com/ankyra/escape-inventory/handlers/export.go:25.40,28.3 2 0
github.com/ankyra/escape-inventory/handlers/upload.go:39.56,43.2 1 3
github.com/ankyra/escape-inventory/handlers/upload.go:45.60,47.2 1 0
github.com/ankyra/escape-inventory/handlers/upload.go:49.87,55.16 6 5
github.com/ankyra/escape-inventory/handlers/upload.go:59.2,59.63 1 3
github.com/ankyra/escape-inventory/handlers/upload.go:63.2,66.20 4 1
github.com/ankyra/escape-inventory/handlers/upload.go:55.16,58.3 2 2
github.com/ankyra/escape-inventory/handlers/upload.go:59.63,62.3 2 2
github.com/ankyra/escape-inventory/handlers/upload.go:69.70,70.51 1 1
github.com/ankyra/escape-inventory/handlers/upload.go:73.2,76.16 4 0
github.com/ankyra/escape-inventory/handlers/upload.go:80.2,81.16 2 0
github.com/ankyra/escape-inventory/handlers/upload.go:85.2,86.16 2 0
github.com/ankyra/escape-inventory/handlers/upload.go:90.2,92.40 3 0
github.com/ankyra/escape-inventory/handlers/upload.go:95.2,108.16 4 0
github.com/ankyra/escape-inventory/handlers/upload.go:112.2,113.16 2 0
github.com/ankyra/escape-inventory/handlers/upload.go:117.2,120.16 4 0
github.com/ankyra/escape-inventory/handlers/upload.go:124.2,124.28 1 0
github.com/ankyra/escape-inventory/handlers/upload.go:70.51,72.3 1 1
github.com/ankyra/escape-inventory/handlers/upload.go:76.16,79.3 2 0
github.com/ankyra/escape-inventory/handlers/upload.go:81.16,84.3 2 0
github.com/ankyra/escape-inventory/handlers/upload.go:86.16,89.3 2 0
github.com/ankyra/escape-inventory/handlers/upload.go:92.40,94.3 1 0
github.com/ankyra/escape-inventory/handlers/upload.go:108.16,111.3 2 0
github.com/ankyra/escape-inventory/handlers/upload.go:113.16,116.3 2 0
github.com/ankyra/escape-inventory/handlers/upload.go:120.16,123.3 2 0
github.com/ankyra/escape-inventory/handlers/upload.go:124.28,127.3 2 0
github.com/ankyra/escape-inventory/handlers/dependencies.go:27.64,32.16 5 0
github.com/ankyra/escape-inventory/handlers/dependencies.go:36.2,38.33 3 0
github.com/ankyra/escape-inventory/handlers/dependencies.go:32.16,35.3 2 0
github.com/ankyra/escape-inventory/handlers/dependencies.go:41.69,46.16 5 0
github.com/ankyra/escape-inventory/handlers/dependencies.go:50.2,52.34 3 0
github.com/ankyra/escape-inventory/handlers/dependencies.go:46.16,49.3 2 0
github.com/ankyra/escape-inventory/handlers/health_check.go:23.65,25.2 1 1
github.com/ankyra/escape-inventory/handlers/registry.go:27.62,34.19 7 0
github.com/ankyra/escape-inventory/handlers/registry.go:56.2,58.35 3 0
github.com/ankyra/escape-inventory/handlers/registry.go:34.19,36.17 2 0
github.com/ankyra/escape-inventory/handlers/registry.go:40.3,40.19 1 0
github.com/ankyra/escape-inventory/handlers/registry.go:36.17,39.4 2 0
github.com/ankyra/escape-inventory/handlers/registry.go:41.3,41.23 1 0
github.com/ankyra/escape-inventory/handlers/registry.go:41.23,43.17 2 0
github.com/ankyra/escape-inventory/handlers/registry.go:47.3,47.19 1 0
github.com/ankyra/escape-inventory/handlers/registry.go:43.17,46.4 2 0
github.com/ankyra/escape-inventory/handlers/registry.go:48.3,50.17 2 0
github.com/ankyra/escape-inventory/handlers/registry.go:54.3,54.19 1 0
github.com/ankyra/escape-inventory/handlers/registry.go:50.17,53.4 2 0
github.com/ankyra/escape-inventory/handlers/registry.go:61.64,67.16 6 0
github.com/ankyra/escape-inventory/handlers/registry.go:71.2,73.35 3 0
github.com/ankyra/escape-inventory/handlers/registry.go:67.16,70.3 2 0
github.com/ankyra/escape-inventory/handlers/application.go:29.69,32.2 2 0
github.com/ankyra/escape-inventory/handlers/application.go:34.85,36.16 2 1
github.com/ankyra/escape-inventory/handlers/application.go:40.2,42.33 3 1
github.com/ankyra/escape-inventory/handlers/application.go:36.16,39.3 2 0
github.com/ankyra/escape-inventory/handlers/application.go:45.68,49.2 3 0
github.com/ankyra/escape-inventory/handlers/application.go:51.90,53.16 2 1
github.com/ankyra/escape-inventory/handlers/application.go:57.2,59.32 3 0
github.com/ankyra/escape-inventory/handlers/application.go:53.16,56.3 2 1
github.com/ankyra/escape-inventory/handlers/application.go:62.73,66.2 3 0
github.com/ankyra/escape-inventory/handlers/application.go:68.95,70.16 2 0
github.com/ankyra/escape-inventory/handlers/application.go:74.2,76.34 3 0
github.com/ankyra/escape-inventory/handlers/application.go:70.16,73.3 2 0
github.com/ankyra/escape-inventory/handlers/application.go:79.76,82.19 3 0
github.com/ankyra/escape-inventory/handlers/application.go:86.2,87.64 2 0
github.com/ankyra/escape-inventory/handlers/application.go:91.2,91.76 1 0
github.com/ankyra/escape-inventory/handlers/application.go:95.2,95.20 1 0
github.com/ankyra/escape-inventory/handlers/application.go:82.19,85.3 2 0
github.com/ankyra/escape-inventory/handlers/application.go:87.64,90.3 2 0
github.com/ankyra/escape-inventory/handlers/application.go:91.76,94.3 2 0
github.com/ankyra/escape-inventory/handlers/next_version.go:25.65,30.16 5 0
github.com/ankyra/escape-inventory/handlers/next_version.go:34.2,34.26 1 0
github.com/ankyra/escape-inventory/handlers/next_version.go:30.16,33.3 2 0
